<?xml version="1.0" encoding="UTF-8"?>
<testsuite xmlns:xsi="http://www.w3.org/2001/XMLSchema-instance" xsi:noNamespaceSchemaLocation="https://maven.apache.org/surefire/maven-surefire-plugin/xsd/surefire-test-report-3.0.xsd" version="3.0" name="com.example.ClinicaVeterinaria_Asuncion.ControllerTest.controllers.GuardianControllerTest" time="12.726" tests="6" errors="0" skipped="0" failures="0">
  <properties>
[...]
</properties>
  <testcase name="givenValidGuardian_whenAddGuardian_thenReturnCreated" classname="com.example.ClinicaVeterinaria_Asuncion.ControllerTest.controllers.GuardianControllerTest" time="0.998">
    <system-out><![CDATA[12:20:28.232 [main] INFO org.springframework.test.context.support.AnnotationConfigContextLoaderUtils -- Could not detect default configuration classes for test class [com.example.ClinicaVeterinaria_Asuncion.ControllerTest.controllers.GuardianControllerTest]: GuardianControllerTest does not declare any static, non-private, non-final, nested classes annotated with @Configuration.
12:20:28.386 [main] INFO org.springframework.boot.test.context.SpringBootTestContextBootstrapper -- Found @SpringBootConfiguration com.example.ClinicaVeterinaria_Asuncion.ClinicaVeterinariaAsuncionApplication for test class com.example.ClinicaVeterinaria_Asuncion.ControllerTest.controllers.GuardianControllerTest

  .   ____          _            __ _ _
 /\\ / ___'_ __ _ _(_)_ __  __ _ \ \ \ \
( ( )\___ | '_ | '_| | '_ \/ _` | \ \ \ \
 \\/  ___)| |_)| | | | | || (_| |  ) ) ) )
  '  |____| .__|_| |_|_| |_\__, | / / / /
 =========|_|==============|___/=/_/_/_/

 :: Spring Boot ::                (v3.3.6)

2024-12-16T12:20:29.110+01:00  INFO 7080 --- [           main] c.e.C.C.c.GuardianControllerTest         : Starting GuardianControllerTest using Java 21.0.5 with PID 7080 (started by carla in C:\Users\carla\ClinicaVeterinaria_Asuncion)
2024-12-16T12:20:29.112+01:00  INFO 7080 --- [           main] c.e.C.C.c.GuardianControllerTest         : The following 1 profile is active: "test"
2024-12-16T12:20:30.387+01:00  INFO 7080 --- [           main] .s.d.r.c.RepositoryConfigurationDelegate : Bootstrapping Spring Data JPA repositories in DEFAULT mode.
2024-12-16T12:20:30.498+01:00  INFO 7080 --- [           main] .s.d.r.c.RepositoryConfigurationDelegate : Finished Spring Data repository scanning in 97 ms. Found 3 JPA repository interfaces.
2024-12-16T12:20:31.251+01:00  INFO 7080 --- [           main] o.hibernate.jpa.internal.util.LogHelper  : HHH000204: Processing PersistenceUnitInfo [name: default]
2024-12-16T12:20:31.423+01:00  INFO 7080 --- [           main] org.hibernate.Version                    : HHH000412: Hibernate ORM core version 6.5.3.Final
2024-12-16T12:20:31.532+01:00  INFO 7080 --- [           main] o.h.c.internal.RegionFactoryInitiator    : HHH000026: Second-level cache disabled
2024-12-16T12:20:32.193+01:00  INFO 7080 --- [           main] o.s.o.j.p.SpringPersistenceUnitInfo      : No LoadTimeWeaver setup: ignoring JPA class transformer
2024-12-16T12:20:32.251+01:00  INFO 7080 --- [           main] com.zaxxer.hikari.HikariDataSource       : HikariPool-1 - Starting...
2024-12-16T12:20:32.500+01:00  INFO 7080 --- [           main] com.zaxxer.hikari.pool.HikariPool        : HikariPool-1 - Added connection conn0: url=jdbc:h2:mem:ClinicDB user=SA
2024-12-16T12:20:32.502+01:00  INFO 7080 --- [           main] com.zaxxer.hikari.HikariDataSource       : HikariPool-1 - Start completed.
2024-12-16T12:20:33.658+01:00  INFO 7080 --- [           main] o.h.e.t.j.p.i.JtaPlatformInitiator       : HHH000489: No JTA platform available (set 'hibernate.transaction.jta.platform' to enable JTA platform integration)
2024-12-16T12:20:33.753+01:00  INFO 7080 --- [           main] j.LocalContainerEntityManagerFactoryBean : Initialized JPA EntityManagerFactory for persistence unit 'default'
2024-12-16T12:20:34.496+01:00  WARN 7080 --- [           main] JpaBaseConfiguration$JpaWebConfiguration : spring.jpa.open-in-view is enabled by default. Therefore, database queries may be performed during view rendering. Explicitly configure spring.jpa.open-in-view to disable this warning
2024-12-16T12:20:35.258+01:00  INFO 7080 --- [           main] o.s.b.t.m.w.SpringBootMockServletContext : Initializing Spring TestDispatcherServlet ''
2024-12-16T12:20:35.260+01:00  INFO 7080 --- [           main] o.s.t.web.servlet.TestDispatcherServlet  : Initializing Servlet ''
2024-12-16T12:20:35.268+01:00  INFO 7080 --- [           main] o.s.t.web.servlet.TestDispatcherServlet  : Completed initialization in 2 ms
2024-12-16T12:20:35.310+01:00  INFO 7080 --- [           main] c.e.C.C.c.GuardianControllerTest         : Started GuardianControllerTest in 6.697 seconds (process running for 8.058)
2024-12-16T12:20:36.467+01:00  INFO 7080 --- [           main] j.LocalContainerEntityManagerFactoryBean : Closing JPA EntityManagerFactory for persistence unit 'default'
2024-12-16T12:20:36.469+01:00  INFO 7080 --- [           main] com.zaxxer.hikari.HikariDataSource       : HikariPool-1 - Shutdown initiated...
2024-12-16T12:20:36.474+01:00  INFO 7080 --- [           main] com.zaxxer.hikari.HikariDataSource       : HikariPool-1 - Shutdown completed.
]]></system-out>
    <system-err><![CDATA[WARNING: A Java agent has been loaded dynamically (C:\Users\carla\.m2\repository\net\bytebuddy\byte-buddy-agent\1.14.19\byte-buddy-agent-1.14.19.jar)
WARNING: If a serviceability tool is in use, please run with -XX:+EnableDynamicAgentLoading to hide this warning
WARNING: If a serviceability tool is not in use, please run with -Djdk.instrument.traceUsage for more information
WARNING: Dynamic loading of agents will be disallowed by default in a future release
]]></system-err>
  </testcase>
  <testcase name="givenGuardians_whenCallGetAllGuardians_thenReturnAListOfGuardians" classname="com.example.ClinicaVeterinaria_Asuncion.ControllerTest.controllers.GuardianControllerTest" time="0.096">
    <system-out><![CDATA[
  .   ____          _            __ _ _
 /\\ / ___'_ __ _ _(_)_ __  __ _ \ \ \ \
( ( )\___ | '_ | '_| | '_ \/ _` | \ \ \ \
 \\/  ___)| |_)| | | | | || (_| |  ) ) ) )
  '  |____| .__|_| |_|_| |_\__, | / / / /
 =========|_|==============|___/=/_/_/_/

 :: Spring Boot ::                (v3.3.6)

2024-12-16T12:20:36.530+01:00  INFO 7080 --- [           main] c.e.C.C.c.GuardianControllerTest         : Starting GuardianControllerTest using Java 21.0.5 with PID 7080 (started by carla in C:\Users\carla\ClinicaVeterinaria_Asuncion)
2024-12-16T12:20:36.530+01:00  INFO 7080 --- [           main] c.e.C.C.c.GuardianControllerTest         : The following 1 profile is active: "test"
2024-12-16T12:20:36.829+01:00  INFO 7080 --- [           main] .s.d.r.c.RepositoryConfigurationDelegate : Bootstrapping Spring Data JPA repositories in DEFAULT mode.
2024-12-16T12:20:36.848+01:00  INFO 7080 --- [           main] .s.d.r.c.RepositoryConfigurationDelegate : Finished Spring Data repository scanning in 18 ms. Found 3 JPA repository interfaces.
2024-12-16T12:20:36.995+01:00  INFO 7080 --- [           main] o.hibernate.jpa.internal.util.LogHelper  : HHH000204: Processing PersistenceUnitInfo [name: default]
2024-12-16T12:20:36.997+01:00  INFO 7080 --- [           main] o.h.c.internal.RegionFactoryInitiator    : HHH000026: Second-level cache disabled
2024-12-16T12:20:37.009+01:00  INFO 7080 --- [           main] o.s.o.j.p.SpringPersistenceUnitInfo      : No LoadTimeWeaver setup: ignoring JPA class transformer
2024-12-16T12:20:37.011+01:00  INFO 7080 --- [           main] com.zaxxer.hikari.HikariDataSource       : HikariPool-2 - Starting...
2024-12-16T12:20:37.014+01:00  INFO 7080 --- [           main] com.zaxxer.hikari.pool.HikariPool        : HikariPool-2 - Added connection conn10: url=jdbc:h2:mem:ClinicDB user=SA
2024-12-16T12:20:37.015+01:00  INFO 7080 --- [           main] com.zaxxer.hikari.HikariDataSource       : HikariPool-2 - Start completed.
2024-12-16T12:20:37.108+01:00  INFO 7080 --- [           main] o.h.e.t.j.p.i.JtaPlatformInitiator       : HHH000489: No JTA platform available (set 'hibernate.transaction.jta.platform' to enable JTA platform integration)
2024-12-16T12:20:37.118+01:00  INFO 7080 --- [           main] j.LocalContainerEntityManagerFactoryBean : Initialized JPA EntityManagerFactory for persistence unit 'default'
2024-12-16T12:20:37.269+01:00  WARN 7080 --- [           main] JpaBaseConfiguration$JpaWebConfiguration : spring.jpa.open-in-view is enabled by default. Therefore, database queries may be performed during view rendering. Explicitly configure spring.jpa.open-in-view to disable this warning
2024-12-16T12:20:37.407+01:00  INFO 7080 --- [           main] o.s.b.t.m.w.SpringBootMockServletContext : Initializing Spring TestDispatcherServlet ''
2024-12-16T12:20:37.408+01:00  INFO 7080 --- [           main] o.s.t.web.servlet.TestDispatcherServlet  : Initializing Servlet ''
2024-12-16T12:20:37.408+01:00  INFO 7080 --- [           main] o.s.t.web.servlet.TestDispatcherServlet  : Completed initialization in 0 ms
2024-12-16T12:20:37.415+01:00  INFO 7080 --- [           main] c.e.C.C.c.GuardianControllerTest         : Started GuardianControllerTest in 0.925 seconds (process running for 10.163)
2024-12-16T12:20:37.528+01:00  INFO 7080 --- [           main] j.LocalContainerEntityManagerFactoryBean : Closing JPA EntityManagerFactory for persistence unit 'default'
2024-12-16T12:20:37.529+01:00  INFO 7080 --- [           main] com.zaxxer.hikari.HikariDataSource       : HikariPool-2 - Shutdown initiated...
2024-12-16T12:20:37.531+01:00  INFO 7080 --- [           main] com.zaxxer.hikari.HikariDataSource       : HikariPool-2 - Shutdown completed.
]]></system-out>
  </testcase>
  <testcase name="givenGuardianId_whenCallGetGuardianById_thenReturnGuardian" classname="com.example.ClinicaVeterinaria_Asuncion.ControllerTest.controllers.GuardianControllerTest" time="0.059">
    <system-out><![CDATA[
  .   ____          _            __ _ _
 /\\ / ___'_ __ _ _(_)_ __  __ _ \ \ \ \
( ( )\___ | '_ | '_| | '_ \/ _` | \ \ \ \
 \\/  ___)| |_)| | | | | || (_| |  ) ) ) )
  '  |____| .__|_| |_|_| |_\__, | / / / /
 =========|_|==============|___/=/_/_/_/

 :: Spring Boot ::                (v3.3.6)

2024-12-16T12:20:37.567+01:00  INFO 7080 --- [           main] c.e.C.C.c.GuardianControllerTest         : Starting GuardianControllerTest using Java 21.0.5 with PID 7080 (started by carla in C:\Users\carla\ClinicaVeterinaria_Asuncion)
2024-12-16T12:20:37.567+01:00  INFO 7080 --- [           main] c.e.C.C.c.GuardianControllerTest         : The following 1 profile is active: "test"
2024-12-16T12:20:37.792+01:00  INFO 7080 --- [           main] .s.d.r.c.RepositoryConfigurationDelegate : Bootstrapping Spring Data JPA repositories in DEFAULT mode.
2024-12-16T12:20:37.811+01:00  INFO 7080 --- [           main] .s.d.r.c.RepositoryConfigurationDelegate : Finished Spring Data repository scanning in 18 ms. Found 3 JPA repository interfaces.
2024-12-16T12:20:37.938+01:00  INFO 7080 --- [           main] o.hibernate.jpa.internal.util.LogHelper  : HHH000204: Processing PersistenceUnitInfo [name: default]
2024-12-16T12:20:37.941+01:00  INFO 7080 --- [           main] o.h.c.internal.RegionFactoryInitiator    : HHH000026: Second-level cache disabled
2024-12-16T12:20:37.954+01:00  INFO 7080 --- [           main] o.s.o.j.p.SpringPersistenceUnitInfo      : No LoadTimeWeaver setup: ignoring JPA class transformer
2024-12-16T12:20:37.955+01:00  INFO 7080 --- [           main] com.zaxxer.hikari.HikariDataSource       : HikariPool-3 - Starting...
2024-12-16T12:20:37.958+01:00  INFO 7080 --- [           main] com.zaxxer.hikari.pool.HikariPool        : HikariPool-3 - Added connection conn20: url=jdbc:h2:mem:ClinicDB user=SA
2024-12-16T12:20:37.960+01:00  INFO 7080 --- [           main] com.zaxxer.hikari.HikariDataSource       : HikariPool-3 - Start completed.
2024-12-16T12:20:38.042+01:00  INFO 7080 --- [           main] o.h.e.t.j.p.i.JtaPlatformInitiator       : HHH000489: No JTA platform available (set 'hibernate.transaction.jta.platform' to enable JTA platform integration)
2024-12-16T12:20:38.051+01:00  INFO 7080 --- [           main] j.LocalContainerEntityManagerFactoryBean : Initialized JPA EntityManagerFactory for persistence unit 'default'
2024-12-16T12:20:38.140+01:00  WARN 7080 --- [           main] JpaBaseConfiguration$JpaWebConfiguration : spring.jpa.open-in-view is enabled by default. Therefore, database queries may be performed during view rendering. Explicitly configure spring.jpa.open-in-view to disable this warning
2024-12-16T12:20:38.276+01:00  INFO 7080 --- [           main] o.s.b.t.m.w.SpringBootMockServletContext : Initializing Spring TestDispatcherServlet ''
2024-12-16T12:20:38.276+01:00  INFO 7080 --- [           main] o.s.t.web.servlet.TestDispatcherServlet  : Initializing Servlet ''
2024-12-16T12:20:38.277+01:00  INFO 7080 --- [           main] o.s.t.web.servlet.TestDispatcherServlet  : Completed initialization in 1 ms
2024-12-16T12:20:38.285+01:00  INFO 7080 --- [           main] c.e.C.C.c.GuardianControllerTest         : Started GuardianControllerTest in 0.749 seconds (process running for 11.032)
2024-12-16T12:20:38.357+01:00  INFO 7080 --- [           main] j.LocalContainerEntityManagerFactoryBean : Closing JPA EntityManagerFactory for persistence unit 'default'
2024-12-16T12:20:38.357+01:00  INFO 7080 --- [           main] com.zaxxer.hikari.HikariDataSource       : HikariPool-3 - Shutdown initiated...
2024-12-16T12:20:38.362+01:00  INFO 7080 --- [           main] com.zaxxer.hikari.HikariDataSource       : HikariPool-3 - Shutdown completed.
]]></system-out>
  </testcase>
  <testcase name="givenGuardianId_whenUpdateGuardian_thenReturnUpdatedGuardian" classname="com.example.ClinicaVeterinaria_Asuncion.ControllerTest.controllers.GuardianControllerTest" time="0.059">
    <system-out><![CDATA[
  .   ____          _            __ _ _
 /\\ / ___'_ __ _ _(_)_ __  __ _ \ \ \ \
( ( )\___ | '_ | '_| | '_ \/ _` | \ \ \ \
 \\/  ___)| |_)| | | | | || (_| |  ) ) ) )
  '  |____| .__|_| |_|_| |_\__, | / / / /
 =========|_|==============|___/=/_/_/_/

 :: Spring Boot ::                (v3.3.6)

2024-12-16T12:20:38.401+01:00  INFO 7080 --- [           main] c.e.C.C.c.GuardianControllerTest         : Starting GuardianControllerTest using Java 21.0.5 with PID 7080 (started by carla in C:\Users\carla\ClinicaVeterinaria_Asuncion)
2024-12-16T12:20:38.402+01:00  INFO 7080 --- [           main] c.e.C.C.c.GuardianControllerTest         : The following 1 profile is active: "test"
2024-12-16T12:20:38.608+01:00  INFO 7080 --- [           main] .s.d.r.c.RepositoryConfigurationDelegate : Bootstrapping Spring Data JPA repositories in DEFAULT mode.
2024-12-16T12:20:38.624+01:00  INFO 7080 --- [           main] .s.d.r.c.RepositoryConfigurationDelegate : Finished Spring Data repository scanning in 14 ms. Found 3 JPA repository interfaces.
2024-12-16T12:20:38.769+01:00  INFO 7080 --- [           main] o.hibernate.jpa.internal.util.LogHelper  : HHH000204: Processing PersistenceUnitInfo [name: default]
2024-12-16T12:20:38.774+01:00  INFO 7080 --- [           main] o.h.c.internal.RegionFactoryInitiator    : HHH000026: Second-level cache disabled
2024-12-16T12:20:38.791+01:00  INFO 7080 --- [           main] o.s.o.j.p.SpringPersistenceUnitInfo      : No LoadTimeWeaver setup: ignoring JPA class transformer
2024-12-16T12:20:38.793+01:00  INFO 7080 --- [           main] com.zaxxer.hikari.HikariDataSource       : HikariPool-4 - Starting...
2024-12-16T12:20:38.798+01:00  INFO 7080 --- [           main] com.zaxxer.hikari.pool.HikariPool        : HikariPool-4 - Added connection conn29: url=jdbc:h2:mem:ClinicDB user=SA
2024-12-16T12:20:38.799+01:00  INFO 7080 --- [           main] com.zaxxer.hikari.HikariDataSource       : HikariPool-4 - Start completed.
2024-12-16T12:20:39.003+01:00  INFO 7080 --- [           main] o.h.e.t.j.p.i.JtaPlatformInitiator       : HHH000489: No JTA platform available (set 'hibernate.transaction.jta.platform' to enable JTA platform integration)
2024-12-16T12:20:39.010+01:00  INFO 7080 --- [           main] j.LocalContainerEntityManagerFactoryBean : Initialized JPA EntityManagerFactory for persistence unit 'default'
2024-12-16T12:20:39.107+01:00  WARN 7080 --- [           main] JpaBaseConfiguration$JpaWebConfiguration : spring.jpa.open-in-view is enabled by default. Therefore, database queries may be performed during view rendering. Explicitly configure spring.jpa.open-in-view to disable this warning
2024-12-16T12:20:39.251+01:00  INFO 7080 --- [           main] o.s.b.t.m.w.SpringBootMockServletContext : Initializing Spring TestDispatcherServlet ''
2024-12-16T12:20:39.252+01:00  INFO 7080 --- [           main] o.s.t.web.servlet.TestDispatcherServlet  : Initializing Servlet ''
2024-12-16T12:20:39.253+01:00  INFO 7080 --- [           main] o.s.t.web.servlet.TestDispatcherServlet  : Completed initialization in 1 ms
2024-12-16T12:20:39.260+01:00  INFO 7080 --- [           main] c.e.C.C.c.GuardianControllerTest         : Started GuardianControllerTest in 0.893 seconds (process running for 12.008)
2024-12-16T12:20:39.337+01:00  INFO 7080 --- [           main] j.LocalContainerEntityManagerFactoryBean : Closing JPA EntityManagerFactory for persistence unit 'default'
2024-12-16T12:20:39.338+01:00  INFO 7080 --- [           main] com.zaxxer.hikari.HikariDataSource       : HikariPool-4 - Shutdown initiated...
2024-12-16T12:20:39.340+01:00  INFO 7080 --- [           main] com.zaxxer.hikari.HikariDataSource       : HikariPool-4 - Shutdown completed.
]]></system-out>
  </testcase>
  <testcase name="givenInvalidGuardian_whenAddGuardian_thenReturnBadRequest" classname="com.example.ClinicaVeterinaria_Asuncion.ControllerTest.controllers.GuardianControllerTest" time="0.045">
    <system-out><![CDATA[
  .   ____          _            __ _ _
 /\\ / ___'_ __ _ _(_)_ __  __ _ \ \ \ \
( ( )\___ | '_ | '_| | '_ \/ _` | \ \ \ \
 \\/  ___)| |_)| | | | | || (_| |  ) ) ) )
  '  |____| .__|_| |_|_| |_\__, | / / / /
 =========|_|==============|___/=/_/_/_/

 :: Spring Boot ::                (v3.3.6)

2024-12-16T12:20:39.383+01:00  INFO 7080 --- [           main] c.e.C.C.c.GuardianControllerTest         : Starting GuardianControllerTest using Java 21.0.5 with PID 7080 (started by carla in C:\Users\carla\ClinicaVeterinaria_Asuncion)
2024-12-16T12:20:39.383+01:00  INFO 7080 --- [           main] c.e.C.C.c.GuardianControllerTest         : The following 1 profile is active: "test"
2024-12-16T12:20:39.608+01:00  INFO 7080 --- [           main] .s.d.r.c.RepositoryConfigurationDelegate : Bootstrapping Spring Data JPA repositories in DEFAULT mode.
2024-12-16T12:20:39.622+01:00  INFO 7080 --- [           main] .s.d.r.c.RepositoryConfigurationDelegate : Finished Spring Data repository scanning in 12 ms. Found 3 JPA repository interfaces.
2024-12-16T12:20:39.707+01:00  INFO 7080 --- [           main] o.hibernate.jpa.internal.util.LogHelper  : HHH000204: Processing PersistenceUnitInfo [name: default]
2024-12-16T12:20:39.710+01:00  INFO 7080 --- [           main] o.h.c.internal.RegionFactoryInitiator    : HHH000026: Second-level cache disabled
2024-12-16T12:20:39.723+01:00  INFO 7080 --- [           main] o.s.o.j.p.SpringPersistenceUnitInfo      : No LoadTimeWeaver setup: ignoring JPA class transformer
2024-12-16T12:20:39.724+01:00  INFO 7080 --- [           main] com.zaxxer.hikari.HikariDataSource       : HikariPool-5 - Starting...
2024-12-16T12:20:39.727+01:00  INFO 7080 --- [           main] com.zaxxer.hikari.pool.HikariPool        : HikariPool-5 - Added connection conn39: url=jdbc:h2:mem:ClinicDB user=SA
2024-12-16T12:20:39.727+01:00  INFO 7080 --- [           main] com.zaxxer.hikari.HikariDataSource       : HikariPool-5 - Start completed.
2024-12-16T12:20:39.800+01:00  INFO 7080 --- [           main] o.h.e.t.j.p.i.JtaPlatformInitiator       : HHH000489: No JTA platform available (set 'hibernate.transaction.jta.platform' to enable JTA platform integration)
2024-12-16T12:20:39.808+01:00  INFO 7080 --- [           main] j.LocalContainerEntityManagerFactoryBean : Initialized JPA EntityManagerFactory for persistence unit 'default'
2024-12-16T12:20:39.881+01:00  WARN 7080 --- [           main] JpaBaseConfiguration$JpaWebConfiguration : spring.jpa.open-in-view is enabled by default. Therefore, database queries may be performed during view rendering. Explicitly configure spring.jpa.open-in-view to disable this warning
2024-12-16T12:20:39.976+01:00  INFO 7080 --- [           main] o.s.b.t.m.w.SpringBootMockServletContext : Initializing Spring TestDispatcherServlet ''
2024-12-16T12:20:39.976+01:00  INFO 7080 --- [           main] o.s.t.web.servlet.TestDispatcherServlet  : Initializing Servlet ''
2024-12-16T12:20:39.977+01:00  INFO 7080 --- [           main] o.s.t.web.servlet.TestDispatcherServlet  : Completed initialization in 1 ms
2024-12-16T12:20:39.988+01:00  INFO 7080 --- [           main] c.e.C.C.c.GuardianControllerTest         : Started GuardianControllerTest in 0.643 seconds (process running for 12.736)
2024-12-16T12:20:40.038+01:00  INFO 7080 --- [           main] j.LocalContainerEntityManagerFactoryBean : Closing JPA EntityManagerFactory for persistence unit 'default'
2024-12-16T12:20:40.039+01:00  INFO 7080 --- [           main] com.zaxxer.hikari.HikariDataSource       : HikariPool-5 - Shutdown initiated...
2024-12-16T12:20:40.048+01:00  INFO 7080 --- [           main] com.zaxxer.hikari.HikariDataSource       : HikariPool-5 - Shutdown completed.
]]></system-out>
  </testcase>
  <testcase name="givenGuardianId_whenDeleteGuardian_thenReturnOk" classname="com.example.ClinicaVeterinaria_Asuncion.ControllerTest.controllers.GuardianControllerTest" time="0.049">
    <system-out><![CDATA[
  .   ____          _            __ _ _
 /\\ / ___'_ __ _ _(_)_ __  __ _ \ \ \ \
( ( )\___ | '_ | '_| | '_ \/ _` | \ \ \ \
 \\/  ___)| |_)| | | | | || (_| |  ) ) ) )
  '  |____| .__|_| |_|_| |_\__, | / / / /
 =========|_|==============|___/=/_/_/_/

 :: Spring Boot ::                (v3.3.6)

2024-12-16T12:20:40.078+01:00  INFO 7080 --- [           main] c.e.C.C.c.GuardianControllerTest         : Starting GuardianControllerTest using Java 21.0.5 with PID 7080 (started by carla in C:\Users\carla\ClinicaVeterinaria_Asuncion)
2024-12-16T12:20:40.078+01:00  INFO 7080 --- [           main] c.e.C.C.c.GuardianControllerTest         : The following 1 profile is active: "test"
2024-12-16T12:20:40.249+01:00  INFO 7080 --- [           main] .s.d.r.c.RepositoryConfigurationDelegate : Bootstrapping Spring Data JPA repositories in DEFAULT mode.
2024-12-16T12:20:40.262+01:00  INFO 7080 --- [           main] .s.d.r.c.RepositoryConfigurationDelegate : Finished Spring Data repository scanning in 13 ms. Found 3 JPA repository interfaces.
2024-12-16T12:20:40.332+01:00  INFO 7080 --- [           main] o.hibernate.jpa.internal.util.LogHelper  : HHH000204: Processing PersistenceUnitInfo [name: default]
2024-12-16T12:20:40.336+01:00  INFO 7080 --- [           main] o.h.c.internal.RegionFactoryInitiator    : HHH000026: Second-level cache disabled
2024-12-16T12:20:40.348+01:00  INFO 7080 --- [           main] o.s.o.j.p.SpringPersistenceUnitInfo      : No LoadTimeWeaver setup: ignoring JPA class transformer
2024-12-16T12:20:40.350+01:00  INFO 7080 --- [           main] com.zaxxer.hikari.HikariDataSource       : HikariPool-6 - Starting...
2024-12-16T12:20:40.352+01:00  INFO 7080 --- [           main] com.zaxxer.hikari.pool.HikariPool        : HikariPool-6 - Added connection conn46: url=jdbc:h2:mem:ClinicDB user=SA
2024-12-16T12:20:40.352+01:00  INFO 7080 --- [           main] com.zaxxer.hikari.HikariDataSource       : HikariPool-6 - Start completed.
2024-12-16T12:20:40.420+01:00  INFO 7080 --- [           main] o.h.e.t.j.p.i.JtaPlatformInitiator       : HHH000489: No JTA platform available (set 'hibernate.transaction.jta.platform' to enable JTA platform integration)
2024-12-16T12:20:40.430+01:00  INFO 7080 --- [           main] j.LocalContainerEntityManagerFactoryBean : Initialized JPA EntityManagerFactory for persistence unit 'default'
2024-12-16T12:20:40.518+01:00  WARN 7080 --- [           main] JpaBaseConfiguration$JpaWebConfiguration : spring.jpa.open-in-view is enabled by default. Therefore, database queries may be performed during view rendering. Explicitly configure spring.jpa.open-in-view to disable this warning
2024-12-16T12:20:40.643+01:00  INFO 7080 --- [           main] o.s.b.t.m.w.SpringBootMockServletContext : Initializing Spring TestDispatcherServlet ''
2024-12-16T12:20:40.644+01:00  INFO 7080 --- [           main] o.s.t.web.servlet.TestDispatcherServlet  : Initializing Servlet ''
2024-12-16T12:20:40.645+01:00  INFO 7080 --- [           main] o.s.t.web.servlet.TestDispatcherServlet  : Completed initialization in 0 ms
2024-12-16T12:20:40.651+01:00  INFO 7080 --- [           main] c.e.C.C.c.GuardianControllerTest         : Started GuardianControllerTest in 0.599 seconds (process running for 13.399)
2024-12-16T12:20:40.699+01:00  INFO 7080 --- [           main] j.LocalContainerEntityManagerFactoryBean : Closing JPA EntityManagerFactory for persistence unit 'default'
2024-12-16T12:20:40.699+01:00  INFO 7080 --- [           main] com.zaxxer.hikari.HikariDataSource       : HikariPool-6 - Shutdown initiated...
2024-12-16T12:20:40.717+01:00  INFO 7080 --- [           main] com.zaxxer.hikari.HikariDataSource       : HikariPool-6 - Shutdown completed.
]]></system-out>
  </testcase>
</testsuite>